Traceback (most recent call last):
  File "/g4/wangdp/lang/miniforge/miniforge3/envs/py312-cedar/lib/python3.12/site-packages/jupyter_cache/executors/utils.py", line 58, in single_nb_execution
    executenb(
  File "/g4/wangdp/lang/miniforge/miniforge3/envs/py312-cedar/lib/python3.12/site-packages/nbclient/client.py", line 1314, in execute
    return NotebookClient(nb=nb, resources=resources, km=km, **kwargs).execute()
           ^^^^^^^^^^^^^^^^^^^^^^^^^^^^^^^^^^^^^^^^^^^^^^^^^^^^^^^^^^^^^^^^^^^^^
  File "/g4/wangdp/lang/miniforge/miniforge3/envs/py312-cedar/lib/python3.12/site-packages/jupyter_core/utils/__init__.py", line 165, in wrapped
    return loop.run_until_complete(inner)
           ^^^^^^^^^^^^^^^^^^^^^^^^^^^^^^
  File "/g4/wangdp/lang/miniforge/miniforge3/envs/py312-cedar/lib/python3.12/asyncio/base_events.py", line 687, in run_until_complete
    return future.result()
           ^^^^^^^^^^^^^^^
  File "/g4/wangdp/lang/miniforge/miniforge3/envs/py312-cedar/lib/python3.12/site-packages/nbclient/client.py", line 709, in async_execute
    await self.async_execute_cell(
  File "/g4/wangdp/lang/miniforge/miniforge3/envs/py312-cedar/lib/python3.12/site-packages/nbclient/client.py", line 1062, in async_execute_cell
    await self._check_raise_for_error(cell, cell_index, exec_reply)
  File "/g4/wangdp/lang/miniforge/miniforge3/envs/py312-cedar/lib/python3.12/site-packages/nbclient/client.py", line 918, in _check_raise_for_error
    raise CellExecutionError.from_cell_and_msg(cell, exec_reply_content)
nbclient.exceptions.CellExecutionError: An error occurred while executing the following cell:
------------------
# cubes = iris.load(file_path, "air_temperature")
cubes = iris.load(file_path)
print(cubes)
------------------


[0;31m---------------------------------------------------------------------------[0m
[0;31mKeyError[0m                                  Traceback (most recent call last)
Cell [0;32mIn[5], line 2[0m
[1;32m      1[0m [38;5;66;03m# cubes = iris.load(file_path, "air_temperature")[39;00m
[0;32m----> 2[0m cubes [38;5;241m=[39m [43miris[49m[38;5;241;43m.[39;49m[43mload[49m[43m([49m[43mfile_path[49m[43m)[49m
[1;32m      3[0m [38;5;28mprint[39m(cubes)

File [0;32m/g4/wangdp/lang/miniforge/miniforge3/envs/py312-cedar/lib/python3.12/site-packages/iris/__init__.py:661[0m, in [0;36mload[0;34m(uris, constraints, callback)[0m
[1;32m    637[0m [38;5;28;01mdef[39;00m [38;5;21mload[39m(uris, constraints[38;5;241m=[39m[38;5;28;01mNone[39;00m, callback[38;5;241m=[39m[38;5;28;01mNone[39;00m):
[1;32m    638[0m [38;5;250m    [39m[38;5;124;03m"""Load any number of Cubes for each constraint.[39;00m
[1;32m    639[0m 
[1;32m    640[0m [38;5;124;03m    For a full description of the arguments, please see the module[39;00m
[0;32m   (...)[0m
[1;32m    659[0m 
[1;32m    660[0m [38;5;124;03m    """[39;00m
[0;32m--> 661[0m     cubes [38;5;241m=[39m [43m_load_collection[49m[43m([49m[43muris[49m[43m,[49m[43m [49m[43mconstraints[49m[43m,[49m[43m [49m[43mcallback[49m[43m)[49m[38;5;241m.[39mcombined()[38;5;241m.[39mcubes()
[1;32m    662[0m     [38;5;28;01mreturn[39;00m cubes

File [0;32m/g4/wangdp/lang/miniforge/miniforge3/envs/py312-cedar/lib/python3.12/site-packages/iris/__init__.py:309[0m, in [0;36m_load_collection[0;34m(uris, constraints, callback)[0m
[1;32m    306[0m     _MULTIREF_DETECTION[38;5;241m.[39mfound_multiple_refs [38;5;241m=[39m [38;5;28;01mFalse[39;00m
[1;32m    308[0m     cubes [38;5;241m=[39m _generate_cubes(uris, callback, constraints)
[0;32m--> 309[0m     result [38;5;241m=[39m [43m_CubeFilterCollection[49m[38;5;241;43m.[39;49m[43mfrom_cubes[49m[43m([49m[43mcubes[49m[43m,[49m[43m [49m[43mconstraints[49m[43m)[49m
[1;32m    310[0m [38;5;28;01mexcept[39;00m [38;5;167;01mEOFError[39;00m [38;5;28;01mas[39;00m e:
[1;32m    311[0m     [38;5;28;01mraise[39;00m iris[38;5;241m.[39mexceptions[38;5;241m.[39mTranslationError(
[1;32m    312[0m         [38;5;124m"[39m[38;5;124mThe file appears empty or incomplete: [39m[38;5;132;01m{!r}[39;00m[38;5;124m"[39m[38;5;241m.[39mformat([38;5;28mstr[39m(e))
[1;32m    313[0m     )

File [0;32m/g4/wangdp/lang/miniforge/miniforge3/envs/py312-cedar/lib/python3.12/site-packages/iris/cube.py:110[0m, in [0;36m_CubeFilterCollection.from_cubes[0;34m(cubes, constraints)[0m
[1;32m    108[0m pairs [38;5;241m=[39m [_CubeFilter(constraint) [38;5;28;01mfor[39;00m constraint [38;5;129;01min[39;00m constraints]
[1;32m    109[0m collection [38;5;241m=[39m _CubeFilterCollection(pairs)
[0;32m--> 110[0m [43m[49m[38;5;28;43;01mfor[39;49;00m[43m [49m[43mc[49m[43m [49m[38;5;129;43;01min[39;49;00m[43m [49m[43mcubes[49m[43m:[49m
[1;32m    111[0m [43m    [49m[43mcollection[49m[38;5;241;43m.[39;49m[43madd_cube[49m[43m([49m[43mc[49m[43m)[49m
[1;32m    112[0m [38;5;28;01mreturn[39;00m collection

File [0;32m/g4/wangdp/lang/miniforge/miniforge3/envs/py312-cedar/lib/python3.12/site-packages/iris/__init__.py:281[0m, in [0;36m_generate_cubes[0;34m(uris, callback, constraints)[0m
[1;32m    279[0m [38;5;28;01mif[39;00m scheme [38;5;241m==[39m [38;5;124m"[39m[38;5;124mfile[39m[38;5;124m"[39m:
[1;32m    280[0m     part_names [38;5;241m=[39m [x[[38;5;241m1[39m] [38;5;28;01mfor[39;00m x [38;5;129;01min[39;00m groups]
[0;32m--> 281[0m [43m    [49m[38;5;28;43;01mfor[39;49;00m[43m [49m[43mcube[49m[43m [49m[38;5;129;43;01min[39;49;00m[43m [49m[43miris[49m[38;5;241;43m.[39;49m[43mio[49m[38;5;241;43m.[39;49m[43mload_files[49m[43m([49m[43mpart_names[49m[43m,[49m[43m [49m[43mcallback[49m[43m,[49m[43m [49m[43mconstraints[49m[43m)[49m[43m:[49m
[1;32m    282[0m [43m        [49m[38;5;28;43;01myield[39;49;00m[43m [49m[43mcube[49m
[1;32m    283[0m [38;5;28;01melif[39;00m scheme [38;5;129;01min[39;00m [[38;5;124m"[39m[38;5;124mhttp[39m[38;5;124m"[39m, [38;5;124m"[39m[38;5;124mhttps[39m[38;5;124m"[39m]:

File [0;32m/g4/wangdp/lang/miniforge/miniforge3/envs/py312-cedar/lib/python3.12/site-packages/iris/io/__init__.py:222[0m, in [0;36mload_files[0;34m(filenames, callback, constraints)[0m
[1;32m    220[0m         [38;5;28;01myield[39;00m cube
[1;32m    221[0m [38;5;28;01melse[39;00m:
[0;32m--> 222[0m [43m    [49m[38;5;28;43;01mfor[39;49;00m[43m [49m[43mcube[49m[43m [49m[38;5;129;43;01min[39;49;00m[43m [49m[43mhandling_format_spec[49m[38;5;241;43m.[39;49m[43mhandler[49m[43m([49m[43mfnames[49m[43m,[49m[43m [49m[43mcallback[49m[43m)[49m[43m:[49m
[1;32m    223[0m [43m        [49m[38;5;28;43;01myield[39;49;00m[43m [49m[43mcube[49m

File [0;32m/g4/wangdp/lang/miniforge/miniforge3/envs/py312-cedar/lib/python3.12/site-packages/iris/fileformats/rules.py:495[0m, in [0;36mload_cubes[0;34m(filenames, user_callback, loader, filter_function)[0m
[1;32m    492[0m     [38;5;28;01mreturn[39;00m result
[1;32m    494[0m all_fields_and_filenames [38;5;241m=[39m _generate_all_fields_and_filenames()
[0;32m--> 495[0m [43m[49m[38;5;28;43;01mfor[39;49;00m[43m [49m[43mcube[49m[43m,[49m[43m [49m[43mfield[49m[43m [49m[38;5;129;43;01min[39;49;00m[43m [49m[43m_load_pairs_from_fields_and_filenames[49m[43m([49m
[1;32m    496[0m [43m    [49m[43mall_fields_and_filenames[49m[43m,[49m
[1;32m    497[0m [43m    [49m[43mconverter[49m[38;5;241;43m=[39;49m[43mloader[49m[38;5;241;43m.[39;49m[43mconverter[49m[43m,[49m
[1;32m    498[0m [43m    [49m[43muser_callback_wrapper[49m[38;5;241;43m=[39;49m[43mloadcubes_user_callback_wrapper[49m[43m,[49m
[1;32m    499[0m [43m[49m[43m)[49m[43m:[49m
[1;32m    500[0m [43m    [49m[38;5;28;43;01myield[39;49;00m[43m [49m[43mcube[49m

File [0;32m/g4/wangdp/lang/miniforge/miniforge3/envs/py312-cedar/lib/python3.12/site-packages/iris/fileformats/rules.py:420[0m, in [0;36m_load_pairs_from_fields_and_filenames[0;34m(fields_and_filenames, converter, user_callback_wrapper)[0m
[1;32m    416[0m results_needing_reference [38;5;241m=[39m []
[1;32m    418[0m [38;5;28;01mfor[39;00m field, filename [38;5;129;01min[39;00m fields_and_filenames:
[1;32m    419[0m     [38;5;66;03m# Convert the field to a Cube, passing down the 'converter' function.[39;00m
[0;32m--> 420[0m     cube, factories, references [38;5;241m=[39m [43m_make_cube[49m[43m([49m[43mfield[49m[43m,[49m[43m [49m[43mconverter[49m[43m)[49m
[1;32m    422[0m     [38;5;66;03m# Post modify the new cube with a user-callback.[39;00m
[1;32m    423[0m     [38;5;66;03m# This is an ordinary Iris load callback, so it takes the filename.[39;00m
[1;32m    424[0m     cube [38;5;241m=[39m iris[38;5;241m.[39mio[38;5;241m.[39mrun_callback(user_callback_wrapper, cube, field, filename)

File [0;32m/g4/wangdp/lang/miniforge/miniforge3/envs/py312-cedar/lib/python3.12/site-packages/iris/fileformats/rules.py:326[0m, in [0;36m_make_cube[0;34m(field, converter)[0m
[1;32m    324[0m [38;5;28;01mdef[39;00m [38;5;21m_make_cube[39m(field, converter):
[1;32m    325[0m     [38;5;66;03m# Convert the field to a Cube.[39;00m
[0;32m--> 326[0m     metadata [38;5;241m=[39m [43mconverter[49m[43m([49m[43mfield[49m[43m)[49m
[1;32m    328[0m     cube_data [38;5;241m=[39m field[38;5;241m.[39mcore_data()
[1;32m    329[0m     cube [38;5;241m=[39m iris[38;5;241m.[39mcube[38;5;241m.[39mCube(
[1;32m    330[0m         cube_data,
[1;32m    331[0m         attributes[38;5;241m=[39mmetadata[38;5;241m.[39mattributes,
[0;32m   (...)[0m
[1;32m    334[0m         aux_coords_and_dims[38;5;241m=[39mmetadata[38;5;241m.[39maux_coords_and_dims,
[1;32m    335[0m     )

File [0;32m/g4/wangdp/lang/miniforge/miniforge3/envs/py312-cedar/lib/python3.12/site-packages/iris_grib/_load_convert.py:2779[0m, in [0;36mconvert[0;34m(field)[0m
[1;32m   2776[0m     metadata[[38;5;124m"[39m[38;5;124maux_coords_and_dims[39m[38;5;124m"[39m] [38;5;241m=[39m []
[1;32m   2778[0m     [38;5;66;03m# Convert GRIB2 message to cube metadata.[39;00m
[0;32m-> 2779[0m     [43mgrib2_convert[49m[43m([49m[43mfield[49m[43m,[49m[43m [49m[43mmetadata[49m[43m)[49m
[1;32m   2781[0m     result [38;5;241m=[39m ConversionMetadata[38;5;241m.[39m_make(metadata[38;5;241m.[39mvalues())
[1;32m   2782[0m [38;5;28;01melse[39;00m:

File [0;32m/g4/wangdp/lang/miniforge/miniforge3/envs/py312-cedar/lib/python3.12/site-packages/iris_grib/_load_convert.py:2728[0m, in [0;36mgrib2_convert[0;34m(field, metadata)[0m
[1;32m   2725[0m grid_definition_section(field[38;5;241m.[39msections[[38;5;241m3[39m], metadata)
[1;32m   2727[0m [38;5;66;03m# Section 4 - Product Definition Section (Product Definition Template)[39;00m
[0;32m-> 2728[0m [43mproduct_definition_section[49m[43m([49m
[1;32m   2729[0m [43m    [49m[43mfield[49m[38;5;241;43m.[39;49m[43msections[49m[43m[[49m[38;5;241;43m4[39;49m[43m][49m[43m,[49m
[1;32m   2730[0m [43m    [49m[43mmetadata[49m[43m,[49m
[1;32m   2731[0m [43m    [49m[43mfield[49m[38;5;241;43m.[39;49m[43msections[49m[43m[[49m[38;5;241;43m0[39;49m[43m][49m[43m[[49m[38;5;124;43m"[39;49m[38;5;124;43mdiscipline[39;49m[38;5;124;43m"[39;49m[43m][49m[43m,[49m
[1;32m   2732[0m [43m    [49m[43mfield[49m[38;5;241;43m.[39;49m[43msections[49m[43m[[49m[38;5;241;43m1[39;49m[43m][49m[43m[[49m[38;5;124;43m"[39;49m[38;5;124;43mtablesVersion[39;49m[38;5;124;43m"[39;49m[43m][49m[43m,[49m
[1;32m   2733[0m [43m    [49m[43mrt_coord[49m[43m,[49m
[1;32m   2734[0m [43m[49m[43m)[49m
[1;32m   2736[0m [38;5;66;03m# Section 5 - Data Representation Section (Data Representation Template)[39;00m
[1;32m   2737[0m data_representation_section(field[38;5;241m.[39msections[[38;5;241m5[39m])

File [0;32m/g4/wangdp/lang/miniforge/miniforge3/envs/py312-cedar/lib/python3.12/site-packages/iris_grib/_load_convert.py:2587[0m, in [0;36mproduct_definition_section[0;34m(section, metadata, discipline, tablesVersion, rt_coord)[0m
[1;32m   2583[0m     product_definition_template_6(section, metadata, rt_coord)
[1;32m   2584[0m [38;5;28;01melif[39;00m template [38;5;241m==[39m [38;5;241m8[39m:
[1;32m   2585[0m     [38;5;66;03m# Process statistically processed values at a horizontal level or in a[39;00m
[1;32m   2586[0m     [38;5;66;03m# horizontal layer in a continuous or non-continuous time interval.[39;00m
[0;32m-> 2587[0m     [43mproduct_definition_template_8[49m[43m([49m[43msection[49m[43m,[49m[43m [49m[43mmetadata[49m[43m,[49m[43m [49m[43mrt_coord[49m[43m)[49m
[1;32m   2588[0m [38;5;28;01melif[39;00m template [38;5;241m==[39m [38;5;241m9[39m:
[1;32m   2589[0m     probability [38;5;241m=[39m product_definition_template_9(section, metadata, rt_coord)

File [0;32m/g4/wangdp/lang/miniforge/miniforge3/envs/py312-cedar/lib/python3.12/site-packages/iris_grib/_load_convert.py:2226[0m, in [0;36mproduct_definition_template_8[0;34m(section, metadata, frt_coord)[0m
[1;32m   2223[0m data_cutoff(section[[38;5;124m"[39m[38;5;124mhoursAfterDataCutoff[39m[38;5;124m"[39m], section[[38;5;124m"[39m[38;5;124mminutesAfterDataCutoff[39m[38;5;124m"[39m])
[1;32m   2225[0m [38;5;66;03m# Create a cell method to represent the time statistic.[39;00m
[0;32m-> 2226[0m time_statistic_cell_method [38;5;241m=[39m [43mstatistical_cell_method[49m[43m([49m[43msection[49m[43m)[49m
[1;32m   2227[0m [38;5;66;03m# Add the forecast cell method to the metadata.[39;00m
[1;32m   2228[0m metadata[[38;5;124m"[39m[38;5;124mcell_methods[39m[38;5;124m"[39m][38;5;241m.[39mappend(time_statistic_cell_method)

File [0;32m/g4/wangdp/lang/miniforge/miniforge3/envs/py312-cedar/lib/python3.12/site-packages/iris_grib/_load_convert.py:2051[0m, in [0;36mstatistical_cell_method[0;34m(section)[0m
[1;32m   2036[0m [38;5;250m[39m[38;5;124;03m"""[39;00m
[1;32m   2037[0m [38;5;124;03mCreate a cell method representing a time statistic.[39;00m
[1;32m   2038[0m 
[0;32m   (...)[0m
[1;32m   2048[0m 
[1;32m   2049[0m [38;5;124;03m"""[39;00m
[1;32m   2050[0m [38;5;66;03m# Handle the number of time ranges -- we currently only support one.[39;00m
[0;32m-> 2051[0m n_time_ranges [38;5;241m=[39m [43msection[49m[43m[[49m[38;5;124;43m"[39;49m[38;5;124;43mnumberOfTimeRange[39;49m[38;5;124;43m"[39;49m[43m][49m
[1;32m   2052[0m [38;5;28;01mif[39;00m n_time_ranges [38;5;241m!=[39m [38;5;241m1[39m:
[1;32m   2053[0m     [38;5;28;01mif[39;00m n_time_ranges [38;5;241m==[39m [38;5;241m0[39m:

File [0;32m/g4/wangdp/lang/miniforge/miniforge3/envs/py312-cedar/lib/python3.12/site-packages/iris_grib/message.py:462[0m, in [0;36mSection.__getitem__[0;34m(self, key)[0m
[1;32m    460[0m         [38;5;28;01melse[39;00m:
[1;32m    461[0m             emsg [38;5;241m=[39m [38;5;124mf[39m[38;5;124m"[39m[38;5;132;01m{[39;00mkey[38;5;132;01m}[39;00m[38;5;124m not defined in section [39m[38;5;132;01m{[39;00m[38;5;28mself[39m[38;5;241m.[39m_number[38;5;132;01m}[39;00m[38;5;124m"[39m
[0;32m--> 462[0m             [38;5;28;01mraise[39;00m [38;5;167;01mKeyError[39;00m(emsg)
[1;32m    463[0m     value [38;5;241m=[39m [38;5;28mself[39m[38;5;241m.[39m_get_key_value(key)
[1;32m    465[0m [38;5;28mself[39m[38;5;241m.[39m_cache[key] [38;5;241m=[39m value

[0;31mKeyError[0m: 'numberOfTimeRange not defined in section 4'

